[32m2024-11-25 15:21:48 -0600[0m - dagster - [34mDEBUG[0m - __ASSET_JOB - 33d3ebc3-9c59-4074-91cc-13c5f9ae2a32 - 640783 - LOGS_CAPTURED - Started capturing logs in process (pid: 640783).
[32m2024-11-25 15:21:48 -0600[0m - dagster - [34mDEBUG[0m - __ASSET_JOB - 33d3ebc3-9c59-4074-91cc-13c5f9ae2a32 - 640783 - incremental_dbt_models - STEP_START - Started execution of step "incremental_dbt_models".
[32m2024-11-25 15:21:48 -0600[0m - dagster - [34mINFO[0m - __ASSET_JOB - 33d3ebc3-9c59-4074-91cc-13c5f9ae2a32 - incremental_dbt_models - A dbt subsetted execution is not being performed. Using the default dbt selection arguments `['--select', 'config.materialized:incremental']`.
[32m2024-11-25 15:21:48 -0600[0m - dagster - [34mINFO[0m - __ASSET_JOB - 33d3ebc3-9c59-4074-91cc-13c5f9ae2a32 - incremental_dbt_models - Copying `/home/ben/dagster-university/dagster-and-dbt/analytics/target/partial_parse.msgpack` to `/home/ben/dagster-university/dagster-and-dbt/analytics/target/incremental_dbt_models-33d3ebc-7e2e6b7/partial_parse.msgpack` to take advantage of partial parsing.
[32m2024-11-25 15:21:48 -0600[0m - dagster - [34mINFO[0m - __ASSET_JOB - 33d3ebc3-9c59-4074-91cc-13c5f9ae2a32 - incremental_dbt_models - Running dbt command: `dbt build --vars {"min_date": "2023-01-01", "max_date": "2023-02-17"} --select config.materialized:incremental`.
[32m2024-11-25 15:21:51 -0600[0m - dagster - [34mDEBUG[0m - __ASSET_JOB - 33d3ebc3-9c59-4074-91cc-13c5f9ae2a32 - 640783 - incremental_dbt_models - STEP_OUTPUT - Yielded output "model_analytics_daily_metrics" of type "Nothing". (Type check passed).
[32m2024-11-25 15:21:51 -0600[0m - dagster - [34mDEBUG[0m - __ASSET_JOB - 33d3ebc3-9c59-4074-91cc-13c5f9ae2a32 - 640783 - incremental_dbt_models - ASSET_MATERIALIZATION - Materialized value daily_metrics.
[32m2024-11-25 15:21:51 -0600[0m - dagster - [34mDEBUG[0m - __ASSET_JOB - 33d3ebc3-9c59-4074-91cc-13c5f9ae2a32 - 640783 - incremental_dbt_models - ASSET_MATERIALIZATION - Materialized value daily_metrics.
[32m2024-11-25 15:21:51 -0600[0m - dagster - [34mDEBUG[0m - __ASSET_JOB - 33d3ebc3-9c59-4074-91cc-13c5f9ae2a32 - 640783 - incremental_dbt_models - ASSET_MATERIALIZATION - Materialized value daily_metrics.
[32m2024-11-25 15:21:51 -0600[0m - dagster - [34mDEBUG[0m - __ASSET_JOB - 33d3ebc3-9c59-4074-91cc-13c5f9ae2a32 - 640783 - incremental_dbt_models - ASSET_MATERIALIZATION - Materialized value daily_metrics.
[32m2024-11-25 15:21:51 -0600[0m - dagster - [34mDEBUG[0m - __ASSET_JOB - 33d3ebc3-9c59-4074-91cc-13c5f9ae2a32 - 640783 - incremental_dbt_models - ASSET_MATERIALIZATION - Materialized value daily_metrics.
[32m2024-11-25 15:21:51 -0600[0m - dagster - [34mDEBUG[0m - __ASSET_JOB - 33d3ebc3-9c59-4074-91cc-13c5f9ae2a32 - 640783 - incremental_dbt_models - ASSET_MATERIALIZATION - Materialized value daily_metrics.
[32m2024-11-25 15:21:51 -0600[0m - dagster - [34mDEBUG[0m - __ASSET_JOB - 33d3ebc3-9c59-4074-91cc-13c5f9ae2a32 - 640783 - incremental_dbt_models - ASSET_MATERIALIZATION - Materialized value daily_metrics.
[32m2024-11-25 15:21:51 -0600[0m - dagster - [34mDEBUG[0m - __ASSET_JOB - 33d3ebc3-9c59-4074-91cc-13c5f9ae2a32 - 640783 - incremental_dbt_models - ASSET_MATERIALIZATION - Materialized value daily_metrics.
[32m2024-11-25 15:21:51 -0600[0m - dagster - [34mDEBUG[0m - __ASSET_JOB - 33d3ebc3-9c59-4074-91cc-13c5f9ae2a32 - 640783 - incremental_dbt_models - ASSET_MATERIALIZATION - Materialized value daily_metrics.
[32m2024-11-25 15:21:51 -0600[0m - dagster - [34mDEBUG[0m - __ASSET_JOB - 33d3ebc3-9c59-4074-91cc-13c5f9ae2a32 - 640783 - incremental_dbt_models - ASSET_MATERIALIZATION - Materialized value daily_metrics.
[32m2024-11-25 15:21:51 -0600[0m - dagster - [34mDEBUG[0m - __ASSET_JOB - 33d3ebc3-9c59-4074-91cc-13c5f9ae2a32 - 640783 - incremental_dbt_models - ASSET_MATERIALIZATION - Materialized value daily_metrics.
[32m2024-11-25 15:21:51 -0600[0m - dagster - [34mDEBUG[0m - __ASSET_JOB - 33d3ebc3-9c59-4074-91cc-13c5f9ae2a32 - 640783 - incremental_dbt_models - ASSET_MATERIALIZATION - Materialized value daily_metrics.
[32m2024-11-25 15:21:51 -0600[0m - dagster - [34mDEBUG[0m - __ASSET_JOB - 33d3ebc3-9c59-4074-91cc-13c5f9ae2a32 - 640783 - incremental_dbt_models - ASSET_MATERIALIZATION - Materialized value daily_metrics.
[32m2024-11-25 15:21:51 -0600[0m - dagster - [34mDEBUG[0m - __ASSET_JOB - 33d3ebc3-9c59-4074-91cc-13c5f9ae2a32 - 640783 - incremental_dbt_models - ASSET_MATERIALIZATION - Materialized value daily_metrics.
[32m2024-11-25 15:21:51 -0600[0m - dagster - [34mDEBUG[0m - __ASSET_JOB - 33d3ebc3-9c59-4074-91cc-13c5f9ae2a32 - 640783 - incremental_dbt_models - ASSET_MATERIALIZATION - Materialized value daily_metrics.
[32m2024-11-25 15:21:51 -0600[0m - dagster - [34mDEBUG[0m - __ASSET_JOB - 33d3ebc3-9c59-4074-91cc-13c5f9ae2a32 - 640783 - incremental_dbt_models - ASSET_MATERIALIZATION - Materialized value daily_metrics.
[32m2024-11-25 15:21:51 -0600[0m - dagster - [34mDEBUG[0m - __ASSET_JOB - 33d3ebc3-9c59-4074-91cc-13c5f9ae2a32 - 640783 - incremental_dbt_models - ASSET_MATERIALIZATION - Materialized value daily_metrics.
[32m2024-11-25 15:21:51 -0600[0m - dagster - [34mDEBUG[0m - __ASSET_JOB - 33d3ebc3-9c59-4074-91cc-13c5f9ae2a32 - 640783 - incremental_dbt_models - ASSET_MATERIALIZATION - Materialized value daily_metrics.
[32m2024-11-25 15:21:51 -0600[0m - dagster - [34mDEBUG[0m - __ASSET_JOB - 33d3ebc3-9c59-4074-91cc-13c5f9ae2a32 - 640783 - incremental_dbt_models - ASSET_MATERIALIZATION - Materialized value daily_metrics.
[32m2024-11-25 15:21:51 -0600[0m - dagster - [34mDEBUG[0m - __ASSET_JOB - 33d3ebc3-9c59-4074-91cc-13c5f9ae2a32 - 640783 - incremental_dbt_models - ASSET_MATERIALIZATION - Materialized value daily_metrics.
[32m2024-11-25 15:21:51 -0600[0m - dagster - [34mDEBUG[0m - __ASSET_JOB - 33d3ebc3-9c59-4074-91cc-13c5f9ae2a32 - 640783 - incremental_dbt_models - ASSET_MATERIALIZATION - Materialized value daily_metrics.
[32m2024-11-25 15:21:51 -0600[0m - dagster - [34mDEBUG[0m - __ASSET_JOB - 33d3ebc3-9c59-4074-91cc-13c5f9ae2a32 - 640783 - incremental_dbt_models - ASSET_MATERIALIZATION - Materialized value daily_metrics.
[32m2024-11-25 15:21:51 -0600[0m - dagster - [34mDEBUG[0m - __ASSET_JOB - 33d3ebc3-9c59-4074-91cc-13c5f9ae2a32 - 640783 - incremental_dbt_models - ASSET_MATERIALIZATION - Materialized value daily_metrics.
[32m2024-11-25 15:21:51 -0600[0m - dagster - [34mDEBUG[0m - __ASSET_JOB - 33d3ebc3-9c59-4074-91cc-13c5f9ae2a32 - 640783 - incremental_dbt_models - ASSET_MATERIALIZATION - Materialized value daily_metrics.
[32m2024-11-25 15:21:51 -0600[0m - dagster - [34mDEBUG[0m - __ASSET_JOB - 33d3ebc3-9c59-4074-91cc-13c5f9ae2a32 - 640783 - incremental_dbt_models - ASSET_MATERIALIZATION - Materialized value daily_metrics.
[32m2024-11-25 15:21:51 -0600[0m - dagster - [34mDEBUG[0m - __ASSET_JOB - 33d3ebc3-9c59-4074-91cc-13c5f9ae2a32 - 640783 - incremental_dbt_models - ASSET_MATERIALIZATION - Materialized value daily_metrics.
[32m2024-11-25 15:21:51 -0600[0m - dagster - [34mDEBUG[0m - __ASSET_JOB - 33d3ebc3-9c59-4074-91cc-13c5f9ae2a32 - 640783 - incremental_dbt_models - ASSET_MATERIALIZATION - Materialized value daily_metrics.
[32m2024-11-25 15:21:51 -0600[0m - dagster - [34mDEBUG[0m - __ASSET_JOB - 33d3ebc3-9c59-4074-91cc-13c5f9ae2a32 - 640783 - incremental_dbt_models - ASSET_MATERIALIZATION - Materialized value daily_metrics.
[32m2024-11-25 15:21:51 -0600[0m - dagster - [34mDEBUG[0m - __ASSET_JOB - 33d3ebc3-9c59-4074-91cc-13c5f9ae2a32 - 640783 - incremental_dbt_models - ASSET_MATERIALIZATION - Materialized value daily_metrics.
[32m2024-11-25 15:21:51 -0600[0m - dagster - [34mDEBUG[0m - __ASSET_JOB - 33d3ebc3-9c59-4074-91cc-13c5f9ae2a32 - 640783 - incremental_dbt_models - ASSET_MATERIALIZATION - Materialized value daily_metrics.
[32m2024-11-25 15:21:51 -0600[0m - dagster - [34mDEBUG[0m - __ASSET_JOB - 33d3ebc3-9c59-4074-91cc-13c5f9ae2a32 - 640783 - incremental_dbt_models - ASSET_MATERIALIZATION - Materialized value daily_metrics.
[32m2024-11-25 15:21:51 -0600[0m - dagster - [34mDEBUG[0m - __ASSET_JOB - 33d3ebc3-9c59-4074-91cc-13c5f9ae2a32 - 640783 - incremental_dbt_models - ASSET_MATERIALIZATION - Materialized value daily_metrics.
[32m2024-11-25 15:21:51 -0600[0m - dagster - [34mDEBUG[0m - __ASSET_JOB - 33d3ebc3-9c59-4074-91cc-13c5f9ae2a32 - 640783 - incremental_dbt_models - ASSET_MATERIALIZATION - Materialized value daily_metrics.
[32m2024-11-25 15:21:51 -0600[0m - dagster - [34mDEBUG[0m - __ASSET_JOB - 33d3ebc3-9c59-4074-91cc-13c5f9ae2a32 - 640783 - incremental_dbt_models - ASSET_MATERIALIZATION - Materialized value daily_metrics.
[32m2024-11-25 15:21:51 -0600[0m - dagster - [34mDEBUG[0m - __ASSET_JOB - 33d3ebc3-9c59-4074-91cc-13c5f9ae2a32 - 640783 - incremental_dbt_models - ASSET_MATERIALIZATION - Materialized value daily_metrics.
[32m2024-11-25 15:21:51 -0600[0m - dagster - [34mDEBUG[0m - __ASSET_JOB - 33d3ebc3-9c59-4074-91cc-13c5f9ae2a32 - 640783 - incremental_dbt_models - ASSET_MATERIALIZATION - Materialized value daily_metrics.
[32m2024-11-25 15:21:51 -0600[0m - dagster - [34mDEBUG[0m - __ASSET_JOB - 33d3ebc3-9c59-4074-91cc-13c5f9ae2a32 - 640783 - incremental_dbt_models - ASSET_MATERIALIZATION - Materialized value daily_metrics.
[32m2024-11-25 15:21:51 -0600[0m - dagster - [34mDEBUG[0m - __ASSET_JOB - 33d3ebc3-9c59-4074-91cc-13c5f9ae2a32 - 640783 - incremental_dbt_models - ASSET_MATERIALIZATION - Materialized value daily_metrics.
[32m2024-11-25 15:21:51 -0600[0m - dagster - [34mDEBUG[0m - __ASSET_JOB - 33d3ebc3-9c59-4074-91cc-13c5f9ae2a32 - 640783 - incremental_dbt_models - ASSET_MATERIALIZATION - Materialized value daily_metrics.
[32m2024-11-25 15:21:51 -0600[0m - dagster - [34mDEBUG[0m - __ASSET_JOB - 33d3ebc3-9c59-4074-91cc-13c5f9ae2a32 - 640783 - incremental_dbt_models - ASSET_MATERIALIZATION - Materialized value daily_metrics.
[32m2024-11-25 15:21:51 -0600[0m - dagster - [34mDEBUG[0m - __ASSET_JOB - 33d3ebc3-9c59-4074-91cc-13c5f9ae2a32 - 640783 - incremental_dbt_models - ASSET_MATERIALIZATION - Materialized value daily_metrics.
[32m2024-11-25 15:21:51 -0600[0m - dagster - [34mDEBUG[0m - __ASSET_JOB - 33d3ebc3-9c59-4074-91cc-13c5f9ae2a32 - 640783 - incremental_dbt_models - ASSET_MATERIALIZATION - Materialized value daily_metrics.
[32m2024-11-25 15:21:51 -0600[0m - dagster - [34mDEBUG[0m - __ASSET_JOB - 33d3ebc3-9c59-4074-91cc-13c5f9ae2a32 - 640783 - incremental_dbt_models - ASSET_MATERIALIZATION - Materialized value daily_metrics.
[32m2024-11-25 15:21:51 -0600[0m - dagster - [34mDEBUG[0m - __ASSET_JOB - 33d3ebc3-9c59-4074-91cc-13c5f9ae2a32 - 640783 - incremental_dbt_models - ASSET_MATERIALIZATION - Materialized value daily_metrics.
[32m2024-11-25 15:21:51 -0600[0m - dagster - [34mDEBUG[0m - __ASSET_JOB - 33d3ebc3-9c59-4074-91cc-13c5f9ae2a32 - 640783 - incremental_dbt_models - ASSET_MATERIALIZATION - Materialized value daily_metrics.
[32m2024-11-25 15:21:51 -0600[0m - dagster - [34mDEBUG[0m - __ASSET_JOB - 33d3ebc3-9c59-4074-91cc-13c5f9ae2a32 - 640783 - incremental_dbt_models - ASSET_MATERIALIZATION - Materialized value daily_metrics.
[32m2024-11-25 15:21:51 -0600[0m - dagster - [34mDEBUG[0m - __ASSET_JOB - 33d3ebc3-9c59-4074-91cc-13c5f9ae2a32 - 640783 - incremental_dbt_models - ASSET_MATERIALIZATION - Materialized value daily_metrics.
[32m2024-11-25 15:21:51 -0600[0m - dagster - [34mINFO[0m - __ASSET_JOB - 33d3ebc3-9c59-4074-91cc-13c5f9ae2a32 - incremental_dbt_models - Finished dbt command: `dbt build --vars {"min_date": "2023-01-01", "max_date": "2023-02-17"} --select config.materialized:incremental`.
[32m2024-11-25 15:21:51 -0600[0m - dagster - [34mDEBUG[0m - __ASSET_JOB - 33d3ebc3-9c59-4074-91cc-13c5f9ae2a32 - 640783 - incremental_dbt_models - STEP_SUCCESS - Finished execution of step "incremental_dbt_models" in 3.12s.
