[32m2024-11-25 13:30:18 -0600[0m - dagster - [34mDEBUG[0m - __ASSET_JOB - 80b83545-b59c-4a3d-937c-c53d42140718 - 359998 - LOGS_CAPTURED - Started capturing logs in process (pid: 359998).
[32m2024-11-25 13:30:18 -0600[0m - dagster - [34mDEBUG[0m - __ASSET_JOB - 80b83545-b59c-4a3d-937c-c53d42140718 - 359998 - dbt_analytics - STEP_START - Started execution of step "dbt_analytics".
[32m2024-11-25 13:30:18 -0600[0m - dagster - [34mINFO[0m - __ASSET_JOB - 80b83545-b59c-4a3d-937c-c53d42140718 - dbt_analytics - A dbt subsetted execution is not being performed. Using the default dbt selection arguments `['--select', 'fqn:*']`.
[32m2024-11-25 13:30:19 -0600[0m - dagster - [34mINFO[0m - __ASSET_JOB - 80b83545-b59c-4a3d-937c-c53d42140718 - dbt_analytics - Copying `/home/ben/dagster-university/dagster-and-dbt/analytics/target/partial_parse.msgpack` to `/home/ben/dagster-university/dagster-and-dbt/analytics/target/dbt_analytics-80b8354-43de065/partial_parse.msgpack` to take advantage of partial parsing.
[32m2024-11-25 13:30:19 -0600[0m - dagster - [34mINFO[0m - __ASSET_JOB - 80b83545-b59c-4a3d-937c-c53d42140718 - dbt_analytics - Running dbt command: `dbt build --select fqn:*`.
[32m2024-11-25 13:30:21 -0600[0m - dagster - [34mDEBUG[0m - __ASSET_JOB - 80b83545-b59c-4a3d-937c-c53d42140718 - 359998 - dbt_analytics - STEP_OUTPUT - Yielded output "model_analytics_stg_trips" of type "Nothing". (Type check passed).
[32m2024-11-25 13:30:21 -0600[0m - dagster - [34mDEBUG[0m - __ASSET_JOB - 80b83545-b59c-4a3d-937c-c53d42140718 - 359998 - dbt_analytics - ASSET_MATERIALIZATION - Materialized value stg_trips.
[32m2024-11-25 13:30:21 -0600[0m - dagster - [34mINFO[0m - __ASSET_JOB - 80b83545-b59c-4a3d-937c-c53d42140718 - dbt_analytics - Finished dbt command: `dbt build --select fqn:*`.
[32m2024-11-25 13:30:21 -0600[0m - dagster - [34mERROR[0m - [31m__ASSET_JOB - 80b83545-b59c-4a3d-937c-c53d42140718 - 359998 - dbt_analytics - STEP_FAILURE - Execution of step "dbt_analytics" failed.

dagster_dbt.errors.DagsterDbtCliRuntimeError: The dbt CLI process with command

`dbt build --select fqn:*`

failed with exit code `1`. Check the stdout in the Dagster compute logs for the full information about the error, or view the dbt debug log: /home/ben/dagster-university/dagster-and-dbt/analytics/target/dbt_analytics-80b8354-43de065/dbt.log.

Errors parsed from dbt logs:

2 of 4 ERROR creating sql table model main.stg_zones ........................... [[31mERROR[0m in 0.02s]

  Runtime Error in model stg_zones (models/staging/stg_zones.sql)
  Binder Error: Referenced column "zone_population" not found in FROM clause!
  Candidate bindings: "raw_zones.zone", "raw_zones.zone_id", "raw_zones.borough"
  LINE 20:     zone_population
               ^

Stack Trace:
  File "/home/ben/dagster-university/venv/lib/python3.12/site-packages/dagster/_core/execution/plan/execute_plan.py", line 245, in dagster_event_sequence_for_step
    for step_event in check.generator(step_events):
  File "/home/ben/dagster-university/venv/lib/python3.12/site-packages/dagster/_core/execution/plan/execute_step.py", line 499, in core_dagster_event_sequence_for_step
    for user_event in _step_output_error_checked_user_event_sequence(
  File "/home/ben/dagster-university/venv/lib/python3.12/site-packages/dagster/_core/execution/plan/execute_step.py", line 183, in _step_output_error_checked_user_event_sequence
    for user_event in user_event_sequence:
  File "/home/ben/dagster-university/venv/lib/python3.12/site-packages/dagster/_core/execution/plan/execute_step.py", line 87, in _process_asset_results_to_events
    for user_event in user_event_sequence:
  File "/home/ben/dagster-university/venv/lib/python3.12/site-packages/dagster/_core/execution/plan/compute.py", line 193, in execute_core_compute
    for step_output in _yield_compute_results(step_context, inputs, compute_fn, compute_context):
  File "/home/ben/dagster-university/venv/lib/python3.12/site-packages/dagster/_core/execution/plan/compute.py", line 162, in _yield_compute_results
    for event in iterate_with_context(
  File "/home/ben/dagster-university/venv/lib/python3.12/site-packages/dagster/_utils/__init__.py", line 482, in iterate_with_context
    next_output = next(iterator)
                  ^^^^^^^^^^^^^^
  File "/home/ben/dagster-university/dagster-and-dbt/dagster_university/assets/dbt.py", line 10, in dbt_analytics
    yield from dbt.cli(["build"], context=context).stream()
  File "/home/ben/dagster-university/venv/lib/python3.12/site-packages/dagster_dbt/core/dbt_event_iterator.py", line 203, in __next__
    return next(self._inner_iterator)
           ^^^^^^^^^^^^^^^^^^^^^^^^^^
  File "/home/ben/dagster-university/venv/lib/python3.12/site-packages/dagster_dbt/core/dbt_cli_invocation.py", line 274, in _stream_asset_events
    for event in self.stream_raw_events():
  File "/home/ben/dagster-university/venv/lib/python3.12/site-packages/dagster_dbt/core/dbt_cli_invocation.py", line 367, in stream_raw_events
    self._raise_on_error()
  File "/home/ben/dagster-university/venv/lib/python3.12/site-packages/dagster_dbt/core/dbt_cli_invocation.py", line 460, in _raise_on_error
    raise error
[0m
